[ 2017-09-14T19:12:38+08:00 ] 192.168.56.1 /WeChat/NiceEdu/
NOTIC: [2] file_put_contents(./APP/Common/): failed to open stream: Is a directory /opt/lampp/htdocs/ThinkPHP/Library/Think/Build.class.php 第 161 行.
NOTIC: [2] file_put_contents(./APP/Common/Common/): failed to open stream: Is a directory /opt/lampp/htdocs/ThinkPHP/Library/Think/Build.class.php 第 161 行.
NOTIC: [2] file_put_contents(./APP/Common/Conf/): failed to open stream: Is a directory /opt/lampp/htdocs/ThinkPHP/Library/Think/Build.class.php 第 161 行.
NOTIC: [2] file_put_contents(./APP/Home/): failed to open stream: Is a directory /opt/lampp/htdocs/ThinkPHP/Library/Think/Build.class.php 第 161 行.
NOTIC: [2] file_put_contents(./APP/Home/Common/): failed to open stream: Is a directory /opt/lampp/htdocs/ThinkPHP/Library/Think/Build.class.php 第 161 行.
NOTIC: [2] file_put_contents(./APP/Home/Controller/): failed to open stream: Is a directory /opt/lampp/htdocs/ThinkPHP/Library/Think/Build.class.php 第 161 行.
NOTIC: [2] file_put_contents(./APP/Home/Model/): failed to open stream: Is a directory /opt/lampp/htdocs/ThinkPHP/Library/Think/Build.class.php 第 161 行.
NOTIC: [2] file_put_contents(./APP/Home/Conf/): failed to open stream: Is a directory /opt/lampp/htdocs/ThinkPHP/Library/Think/Build.class.php 第 161 行.
NOTIC: [2] file_put_contents(./APP/Home/View/): failed to open stream: Is a directory /opt/lampp/htdocs/ThinkPHP/Library/Think/Build.class.php 第 161 行.
NOTIC: [2] file_put_contents(./APP/Runtime/): failed to open stream: Is a directory /opt/lampp/htdocs/ThinkPHP/Library/Think/Build.class.php 第 161 行.
NOTIC: [2] file_put_contents(./APP/Runtime/Cache/): failed to open stream: Is a directory /opt/lampp/htdocs/ThinkPHP/Library/Think/Build.class.php 第 161 行.
NOTIC: [2] file_put_contents(./APP/Runtime/Cache/Home/): failed to open stream: Is a directory /opt/lampp/htdocs/ThinkPHP/Library/Think/Build.class.php 第 161 行.
NOTIC: [2] file_put_contents(./APP/Runtime/Logs/): failed to open stream: Is a directory /opt/lampp/htdocs/ThinkPHP/Library/Think/Build.class.php 第 161 行.
NOTIC: [2] file_put_contents(./APP/Runtime/Logs/Home/): failed to open stream: Is a directory /opt/lampp/htdocs/ThinkPHP/Library/Think/Build.class.php 第 161 行.
NOTIC: [2] file_put_contents(./APP/Runtime/Temp/): failed to open stream: Is a directory /opt/lampp/htdocs/ThinkPHP/Library/Think/Build.class.php 第 161 行.
NOTIC: [2] file_put_contents(./APP/Runtime/Data/): failed to open stream: Is a directory /opt/lampp/htdocs/ThinkPHP/Library/Think/Build.class.php 第 161 行.
INFO: [ app_init ] --START--
INFO: Run Behavior\BuildLiteBehavior [ RunTime:0.000017s ]
INFO: [ app_init ] --END-- [ RunTime:0.000083s ]
INFO: [ app_begin ] --START--
INFO: Run Behavior\ReadHtmlCacheBehavior [ RunTime:0.000503s ]
INFO: [ app_begin ] --END-- [ RunTime:0.000568s ]
INFO: [ view_parse ] --START--
INFO: [ template_filter ] --START--
INFO: Run Behavior\ContentReplaceBehavior [ RunTime:0.000030s ]
INFO: [ template_filter ] --END-- [ RunTime:0.000092s ]
INFO: Run Behavior\ParseTemplateBehavior [ RunTime:0.007292s ]
INFO: [ view_parse ] --END-- [ RunTime:0.007399s ]
INFO: [ view_filter ] --START--
INFO: Run Behavior\WriteHtmlCacheBehavior [ RunTime:0.000148s ]
INFO: [ view_filter ] --END-- [ RunTime:0.000215s ]
INFO: [ app_end ] --START--
INFO: Run Behavior\ShowPageTraceBehavior [ RunTime:0.000414s ]
INFO: [ app_end ] --END-- [ RunTime:0.000455s ]

